# JRE version: Java(TM) SE Runtime Environment (17.0.12+8) (build 17.0.12+8-LTS-286)
# Java VM: Java HotSpot(TM) 64-Bit Server VM (17.0.12+8-LTS-286, mixed mode, sharing, tiered, compressed oops, compressed class ptrs, g1 gc, windows-amd64)
GC Precious Log:
 CPUs: 12 total, 12 available
 Memory: 7876M
 Large Page Support: Disabled
 NUMA Support: Disabled
 Compressed Oops: Enabled (Zero based)
 Heap Region Size: 4M
 Heap Min Capacity: 8M
 Heap Initial Capacity: 124M
 Heap Max Capacity: 8G
 Pre-touch: Disabled
 Parallel Workers: 10
 Concurrent Workers: 3
 Concurrent Refinement Workers: 10
 Periodic GC: Disabled
Heap:
 garbage-first heap   total 704512K, used 213480K [0x0000000600000000, 0x0000000800000000)
  region size 4096K, 4 young (16384K), 1 survivors (4096K)
 Metaspace       used 143650K, committed 145024K, reserved 1179648K
  class space    used 19567K, committed 20224K, reserved 1048576K
GC Heap History (20 events):
Event: 238.224 GC heap before
{Heap before GC invocations=55 (full 0):
 garbage-first heap   total 278528K, used 137002K [0x0000000600000000, 0x0000000800000000)
  region size 4096K, 5 young (20480K), 4 survivors (16384K)
 Metaspace       used 107968K, committed 109248K, reserved 1179648K
  class space    used 15154K, committed 15808K, reserved 1048576K
}
Event: 238.638 GC heap after
{Heap after GC invocations=56 (full 0):
 garbage-first heap   total 278528K, used 140460K [0x0000000600000000, 0x0000000800000000)
  region size 4096K, 1 young (4096K), 1 survivors (4096K)
 Metaspace       used 107968K, committed 109248K, reserved 1179648K
  class space    used 15154K, committed 15808K, reserved 1048576K
}
Event: 244.216 GC heap before
{Heap before GC invocations=56 (full 0):
 garbage-first heap   total 278528K, used 181420K [0x0000000600000000, 0x0000000800000000)
  region size 4096K, 11 young (45056K), 1 survivors (4096K)
 Metaspace       used 107978K, committed 109376K, reserved 1179648K
  class space    used 15154K, committed 15808K, reserved 1048576K
}
Event: 244.369 GC heap after
{Heap after GC invocations=57 (full 0):
 garbage-first heap   total 557056K, used 140602K [0x0000000600000000, 0x0000000800000000)
  region size 4096K, 1 young (4096K), 1 survivors (4096K)
 Metaspace       used 107978K, committed 109376K, reserved 1179648K
  class space    used 15154K, committed 15808K, reserved 1048576K
}
Event: 245.298 GC heap before
{Heap before GC invocations=57 (full 0):
 garbage-first heap   total 557056K, used 185658K [0x0000000600000000, 0x0000000800000000)
  region size 4096K, 12 young (49152K), 1 survivors (4096K)
 Metaspace       used 107978K, committed 109376K, reserved 1179648K
  class space    used 15154K, committed 15808K, reserved 1048576K
}
Event: 245.304 GC heap after
{Heap after GC invocations=58 (full 0):
 garbage-first heap   total 557056K, used 142234K [0x0000000600000000, 0x0000000800000000)
  region size 4096K, 2 young (8192K), 2 survivors (8192K)
 Metaspace       used 107978K, committed 109376K, reserved 1179648K
  class space    used 15154K, committed 15808K, reserved 1048576K
}
Event: 250.671 GC heap before
{Heap before GC invocations=58 (full 0):
 garbage-first heap   total 557056K, used 207770K [0x0000000600000000, 0x0000000800000000)
  region size 4096K, 17 young (69632K), 2 survivors (8192K)
 Metaspace       used 109415K, committed 110784K, reserved 1179648K
  class space    used 15293K, committed 15936K, reserved 1048576K
}
Event: 250.682 GC heap after
{Heap after GC invocations=59 (full 0):
 garbage-first heap   total 557056K, used 158051K [0x0000000600000000, 0x0000000800000000)
  region size 4096K, 3 young (12288K), 3 survivors (12288K)
 Metaspace       used 109415K, committed 110784K, reserved 1179648K
  class space    used 15293K, committed 15936K, reserved 1048576K
}
Event: 253.585 GC heap before
{Heap before GC invocations=59 (full 0):
 garbage-first heap   total 557056K, used 194915K [0x0000000600000000, 0x0000000800000000)
  region size 4096K, 13 young (53248K), 3 survivors (12288K)
 Metaspace       used 114977K, committed 116352K, reserved 1179648K
  class space    used 16367K, committed 17024K, reserved 1048576K
}
Event: 253.766 GC heap after
{Heap after GC invocations=60 (full 0):
 garbage-first heap   total 557056K, used 146203K [0x0000000600000000, 0x0000000800000000)
  region size 4096K, 1 young (4096K), 1 survivors (4096K)
 Metaspace       used 114977K, committed 116352K, reserved 1179648K
  class space    used 16367K, committed 17024K, reserved 1048576K
}
Event: 256.841 GC heap before
{Heap before GC invocations=60 (full 0):
 garbage-first heap   total 557056K, used 219931K [0x0000000600000000, 0x0000000800000000)
  region size 4096K, 19 young (77824K), 1 survivors (4096K)
 Metaspace       used 119842K, committed 121216K, reserved 1179648K
  class space    used 16952K, committed 17600K, reserved 1048576K
}
Event: 256.847 GC heap after
{Heap after GC invocations=61 (full 0):
 garbage-first heap   total 557056K, used 146539K [0x0000000600000000, 0x0000000800000000)
  region size 4096K, 1 young (4096K), 1 survivors (4096K)
 Metaspace       used 119842K, committed 121216K, reserved 1179648K
  class space    used 16952K, committed 17600K, reserved 1048576K
}
Event: 258.545 GC heap before
{Heap before GC invocations=61 (full 0):
 garbage-first heap   total 557056K, used 187499K [0x0000000600000000, 0x0000000800000000)
  region size 4096K, 12 young (49152K), 1 survivors (4096K)
 Metaspace       used 125531K, committed 126848K, reserved 1179648K
  class space    used 17639K, committed 18240K, reserved 1048576K
}
Event: 258.571 GC heap after
{Heap after GC invocations=62 (full 0):
 garbage-first heap   total 557056K, used 147362K [0x0000000600000000, 0x0000000800000000)
  region size 4096K, 1 young (4096K), 1 survivors (4096K)
 Metaspace       used 125531K, committed 126848K, reserved 1179648K
  class space    used 17639K, committed 18240K, reserved 1048576K
}
Event: 268.965 GC heap before
{Heap before GC invocations=63 (full 0):
 garbage-first heap   total 557056K, used 389026K [0x0000000600000000, 0x0000000800000000)
  region size 4096K, 60 young (245760K), 1 survivors (4096K)
 Metaspace       used 139915K, committed 141312K, reserved 1179648K
  class space    used 19123K, committed 19776K, reserved 1048576K
}
Event: 269.207 GC heap after
{Heap after GC invocations=64 (full 0):
 garbage-first heap   total 557056K, used 201029K [0x0000000600000000, 0x0000000800000000)
  region size 4096K, 8 young (32768K), 8 survivors (32768K)
 Metaspace       used 139915K, committed 141312K, reserved 1179648K
  class space    used 19123K, committed 19776K, reserved 1048576K
}
Event: 269.654 GC heap before
{Heap before GC invocations=64 (full 0):
 garbage-first heap   total 557056K, used 205125K [0x0000000600000000, 0x0000000800000000)
  region size 4096K, 9 young (36864K), 8 survivors (32768K)
 Metaspace       used 140370K, committed 141760K, reserved 1179648K
  class space    used 19191K, committed 19840K, reserved 1048576K
}
Event: 270.794 GC heap after
{Heap after GC invocations=65 (full 0):
 garbage-first heap   total 704512K, used 206951K [0x0000000600000000, 0x0000000800000000)
  region size 4096K, 2 young (8192K), 2 survivors (8192K)
 Metaspace       used 140370K, committed 141760K, reserved 1179648K
  class space    used 19191K, committed 19840K, reserved 1048576K
}
Event: 272.807 GC heap before
{Heap before GC invocations=66 (full 0):
 garbage-first heap   total 704512K, used 231527K [0x0000000600000000, 0x0000000800000000)
  region size 4096K, 8 young (32768K), 2 survivors (8192K)
 Metaspace       used 142746K, committed 144064K, reserved 1179648K
  class space    used 19471K, committed 20096K, reserved 1048576K
}
Event: 272.814 GC heap after
{Heap after GC invocations=67 (full 0):
 garbage-first heap   total 704512K, used 205288K [0x0000000600000000, 0x0000000800000000)
  region size 4096K, 1 young (4096K), 1 survivors (4096K)
 Metaspace       used 142746K, committed 144064K, reserved 1179648K
  class space    used 19471K, committed 20096K, reserved 1048576K
}

