# JRE version: Java(TM) SE Runtime Environment (17.0.12+8) (build 17.0.12+8-LTS-286)
# Java VM: Java HotSpot(TM) 64-Bit Server VM (17.0.12+8-LTS-286, mixed mode, sharing, tiered, compressed oops, compressed class ptrs, g1 gc, windows-amd64)
GC Precious Log:
 CPUs: 12 total, 12 available
 Memory: 7876M
 Large Page Support: Disabled
 NUMA Support: Disabled
 Compressed Oops: Enabled (32-bit)
 Heap Region Size: 1M
 Heap Min Capacity: 8M
 Heap Initial Capacity: 124M
 Heap Max Capacity: 1970M
 Pre-touch: Disabled
 Parallel Workers: 10
 Concurrent Workers: 3
 Concurrent Refinement Workers: 10
 Periodic GC: Disabled
Heap:
 garbage-first heap   total 97280K, used 30515K [0x0000000084e00000, 0x0000000100000000)
  region size 1024K, 1 young (1024K), 1 survivors (1024K)
 Metaspace       used 24724K, committed 24960K, reserved 1114112K
  class space    used 3407K, committed 3456K, reserved 1048576K
GC Heap History (20 events):
Event: 16.060 GC heap after
{Heap after GC invocations=3 (full 0):
 garbage-first heap   total 126976K, used 8460K [0x0000000084e00000, 0x0000000100000000)
  region size 1024K, 1 young (1024K), 1 survivors (1024K)
 Metaspace       used 8162K, committed 8320K, reserved 1114112K
  class space    used 831K, committed 896K, reserved 1048576K
}
Event: 16.303 GC heap before
{Heap before GC invocations=3 (full 0):
 garbage-first heap   total 126976K, used 13580K [0x0000000084e00000, 0x0000000100000000)
  region size 1024K, 6 young (6144K), 1 survivors (1024K)
 Metaspace       used 9761K, committed 9920K, reserved 1114112K
  class space    used 1053K, committed 1152K, reserved 1048576K
}
Event: 16.306 GC heap after
{Heap after GC invocations=4 (full 0):
 garbage-first heap   total 126976K, used 8983K [0x0000000084e00000, 0x0000000100000000)
  region size 1024K, 1 young (1024K), 1 survivors (1024K)
 Metaspace       used 9761K, committed 9920K, reserved 1114112K
  class space    used 1053K, committed 1152K, reserved 1048576K
}
Event: 16.391 GC heap before
{Heap before GC invocations=4 (full 0):
 garbage-first heap   total 126976K, used 14103K [0x0000000084e00000, 0x0000000100000000)
  region size 1024K, 6 young (6144K), 1 survivors (1024K)
 Metaspace       used 10890K, committed 11008K, reserved 1114112K
  class space    used 1208K, committed 1280K, reserved 1048576K
}
Event: 16.392 GC heap after
{Heap after GC invocations=5 (full 0):
 garbage-first heap   total 126976K, used 9053K [0x0000000084e00000, 0x0000000100000000)
  region size 1024K, 1 young (1024K), 1 survivors (1024K)
 Metaspace       used 10890K, committed 11008K, reserved 1114112K
  class space    used 1208K, committed 1280K, reserved 1048576K
}
Event: 17.835 GC heap before
{Heap before GC invocations=5 (full 0):
 garbage-first heap   total 126976K, used 13149K [0x0000000084e00000, 0x0000000100000000)
  region size 1024K, 6 young (6144K), 1 survivors (1024K)
 Metaspace       used 11865K, committed 12032K, reserved 1114112K
  class space    used 1368K, committed 1472K, reserved 1048576K
}
Event: 17.839 GC heap after
{Heap after GC invocations=6 (full 0):
 garbage-first heap   total 126976K, used 9735K [0x0000000084e00000, 0x0000000100000000)
  region size 1024K, 1 young (1024K), 1 survivors (1024K)
 Metaspace       used 11865K, committed 12032K, reserved 1114112K
  class space    used 1368K, committed 1472K, reserved 1048576K
}
Event: 23.740 GC heap before
{Heap before GC invocations=6 (full 0):
 garbage-first heap   total 126976K, used 39431K [0x0000000084e00000, 0x0000000100000000)
  region size 1024K, 31 young (31744K), 1 survivors (1024K)
 Metaspace       used 21320K, committed 21504K, reserved 1114112K
  class space    used 2990K, committed 3072K, reserved 1048576K
}
Event: 23.746 GC heap after
{Heap after GC invocations=7 (full 0):
 garbage-first heap   total 126976K, used 11287K [0x0000000084e00000, 0x0000000100000000)
  region size 1024K, 3 young (3072K), 3 survivors (3072K)
 Metaspace       used 21320K, committed 21504K, reserved 1114112K
  class space    used 2990K, committed 3072K, reserved 1048576K
}
Event: 24.341 GC heap before
{Heap before GC invocations=8 (full 0):
 garbage-first heap   total 45056K, used 37911K [0x0000000084e00000, 0x0000000100000000)
  region size 1024K, 23 young (23552K), 3 survivors (3072K)
 Metaspace       used 24577K, committed 24832K, reserved 1114112K
  class space    used 3402K, committed 3456K, reserved 1048576K
}
Event: 24.357 GC heap after
{Heap after GC invocations=9 (full 0):
 garbage-first heap   total 46080K, used 21649K [0x0000000084e00000, 0x0000000100000000)
  region size 1024K, 4 young (4096K), 4 survivors (4096K)
 Metaspace       used 24577K, committed 24832K, reserved 1114112K
  class space    used 3402K, committed 3456K, reserved 1048576K
}
Event: 24.444 GC heap before
{Heap before GC invocations=9 (full 0):
 garbage-first heap   total 46080K, used 34961K [0x0000000084e00000, 0x0000000100000000)
  region size 1024K, 17 young (17408K), 4 survivors (4096K)
 Metaspace       used 24577K, committed 24832K, reserved 1114112K
  class space    used 3402K, committed 3456K, reserved 1048576K
}
Event: 24.464 GC heap after
{Heap after GC invocations=10 (full 0):
 garbage-first heap   total 61440K, used 25218K [0x0000000084e00000, 0x0000000100000000)
  region size 1024K, 3 young (3072K), 3 survivors (3072K)
 Metaspace       used 24577K, committed 24832K, reserved 1114112K
  class space    used 3402K, committed 3456K, reserved 1048576K
}
Event: 24.855 GC heap before
{Heap before GC invocations=10 (full 0):
 garbage-first heap   total 61440K, used 45698K [0x0000000084e00000, 0x0000000100000000)
  region size 1024K, 22 young (22528K), 3 survivors (3072K)
 Metaspace       used 24714K, committed 24960K, reserved 1114112K
  class space    used 3407K, committed 3456K, reserved 1048576K
}
Event: 24.911 GC heap after
{Heap after GC invocations=11 (full 0):
 garbage-first heap   total 61440K, used 28815K [0x0000000084e00000, 0x0000000100000000)
  region size 1024K, 3 young (3072K), 3 survivors (3072K)
 Metaspace       used 24714K, committed 24960K, reserved 1114112K
  class space    used 3407K, committed 3456K, reserved 1048576K
}
Event: 24.966 GC heap before
{Heap before GC invocations=11 (full 0):
 garbage-first heap   total 61440K, used 30863K [0x0000000084e00000, 0x0000000100000000)
  region size 1024K, 6 young (6144K), 3 survivors (3072K)
 Metaspace       used 24720K, committed 24960K, reserved 1114112K
  class space    used 3407K, committed 3456K, reserved 1048576K
}
Event: 24.977 GC heap after
{Heap after GC invocations=12 (full 0):
 garbage-first heap   total 61440K, used 30277K [0x0000000084e00000, 0x0000000100000000)
  region size 1024K, 2 young (2048K), 2 survivors (2048K)
 Metaspace       used 24720K, committed 24960K, reserved 1114112K
  class space    used 3407K, committed 3456K, reserved 1048576K
}
Event: 25.568 GC heap before
{Heap before GC invocations=13 (full 0):
 garbage-first heap   total 61440K, used 43589K [0x0000000084e00000, 0x0000000100000000)
  region size 1024K, 13 young (13312K), 2 survivors (2048K)
 Metaspace       used 24722K, committed 24960K, reserved 1114112K
  class space    used 3407K, committed 3456K, reserved 1048576K
}
Event: 25.579 GC heap after
{Heap after GC invocations=14 (full 0):
 garbage-first heap   total 61440K, used 33992K [0x0000000084e00000, 0x0000000100000000)
  region size 1024K, 2 young (2048K), 2 survivors (2048K)
 Metaspace       used 24722K, committed 24960K, reserved 1114112K
  class space    used 3407K, committed 3456K, reserved 1048576K
}
Event: 26.405 GC heap before
{Heap before GC invocations=14 (full 0):
 garbage-first heap   total 61440K, used 35016K [0x0000000084e00000, 0x0000000100000000)
  region size 1024K, 3 young (3072K), 2 survivors (2048K)
 Metaspace       used 24724K, committed 24960K, reserved 1114112K
  class space    used 3407K, committed 3456K, reserved 1048576K
}

