# JRE version: Java(TM) SE Runtime Environment (17.0.12+8) (build 17.0.12+8-LTS-286)
# Java VM: Java HotSpot(TM) 64-Bit Server VM (17.0.12+8-LTS-286, mixed mode, sharing, tiered, compressed oops, compressed class ptrs, g1 gc, windows-amd64)
GC Precious Log:
 CPUs: 12 total, 12 available
 Memory: 7876M
 Large Page Support: Disabled
 NUMA Support: Disabled
 Compressed Oops: Enabled (Zero based)
 Heap Region Size: 2M
 Heap Min Capacity: 8M
 Heap Initial Capacity: 124M
 Heap Max Capacity: 3G
 Pre-touch: Disabled
 Parallel Workers: 10
 Concurrent Workers: 3
 Concurrent Refinement Workers: 10
 Periodic GC: Disabled
Heap:
 garbage-first heap   total 155648K, used 80279K [0x0000000740000000, 0x0000000800000000)
  region size 2048K, 1 young (2048K), 1 survivors (2048K)
 Metaspace       used 78492K, committed 79424K, reserved 983040K
  class space    used 11034K, committed 11456K, reserved 851968K
GC Heap History (20 events):
Event: 69.596 GC heap after
{Heap after GC invocations=29 (full 0):
 garbage-first heap   total 110592K, used 63560K [0x0000000740000000, 0x0000000800000000)
  region size 2048K, 1 young (2048K), 1 survivors (2048K)
 Metaspace       used 68340K, committed 69120K, reserved 917504K
  class space    used 9618K, committed 9984K, reserved 851968K
}
Event: 69.730 GC heap before
{Heap before GC invocations=29 (full 0):
 garbage-first heap   total 110592K, used 65608K [0x0000000740000000, 0x0000000800000000)
  region size 2048K, 2 young (4096K), 1 survivors (2048K)
 Metaspace       used 68468K, committed 69248K, reserved 917504K
  class space    used 9636K, committed 9984K, reserved 851968K
}
Event: 69.736 GC heap after
{Heap after GC invocations=30 (full 0):
 garbage-first heap   total 110592K, used 63432K [0x0000000740000000, 0x0000000800000000)
  region size 2048K, 1 young (2048K), 1 survivors (2048K)
 Metaspace       used 68468K, committed 69248K, reserved 917504K
  class space    used 9636K, committed 9984K, reserved 851968K
}
Event: 70.698 GC heap before
{Heap before GC invocations=30 (full 0):
 garbage-first heap   total 110592K, used 90056K [0x0000000740000000, 0x0000000800000000)
  region size 2048K, 14 young (28672K), 1 survivors (2048K)
 Metaspace       used 69364K, committed 70272K, reserved 917504K
  class space    used 9759K, committed 10176K, reserved 851968K
}
Event: 70.704 GC heap after
{Heap after GC invocations=31 (full 0):
 garbage-first heap   total 110592K, used 65444K [0x0000000740000000, 0x0000000800000000)
  region size 2048K, 2 young (4096K), 2 survivors (4096K)
 Metaspace       used 69364K, committed 70272K, reserved 917504K
  class space    used 9759K, committed 10176K, reserved 851968K
}
Event: 72.278 GC heap before
{Heap before GC invocations=32 (full 0):
 garbage-first heap   total 116736K, used 90020K [0x0000000740000000, 0x0000000800000000)
  region size 2048K, 14 young (28672K), 2 survivors (4096K)
 Metaspace       used 71532K, committed 72384K, reserved 917504K
  class space    used 10167K, committed 10560K, reserved 851968K
}
Event: 72.284 GC heap after
{Heap after GC invocations=33 (full 0):
 garbage-first heap   total 116736K, used 67442K [0x0000000740000000, 0x0000000800000000)
  region size 2048K, 1 young (2048K), 1 survivors (2048K)
 Metaspace       used 71532K, committed 72384K, reserved 917504K
  class space    used 10167K, committed 10560K, reserved 851968K
}
Event: 72.453 GC heap before
{Heap before GC invocations=33 (full 0):
 garbage-first heap   total 116736K, used 69490K [0x0000000740000000, 0x0000000800000000)
  region size 2048K, 2 young (4096K), 1 survivors (2048K)
 Metaspace       used 71669K, committed 72448K, reserved 917504K
  class space    used 10194K, committed 10560K, reserved 851968K
}
Event: 72.459 GC heap after
{Heap after GC invocations=34 (full 0):
 garbage-first heap   total 116736K, used 67674K [0x0000000740000000, 0x0000000800000000)
  region size 2048K, 1 young (2048K), 1 survivors (2048K)
 Metaspace       used 71669K, committed 72448K, reserved 917504K
  class space    used 10194K, committed 10560K, reserved 851968K
}
Event: 74.702 GC heap before
{Heap before GC invocations=34 (full 0):
 garbage-first heap   total 116736K, used 96346K [0x0000000740000000, 0x0000000800000000)
  region size 2048K, 15 young (30720K), 1 survivors (2048K)
 Metaspace       used 73240K, committed 74112K, reserved 917504K
  class space    used 10409K, committed 10816K, reserved 851968K
}
Event: 74.711 GC heap after
{Heap after GC invocations=35 (full 0):
 garbage-first heap   total 116736K, used 70376K [0x0000000740000000, 0x0000000800000000)
  region size 2048K, 2 young (4096K), 2 survivors (4096K)
 Metaspace       used 73240K, committed 74112K, reserved 917504K
  class space    used 10409K, committed 10816K, reserved 851968K
}
Event: 75.793 GC heap before
{Heap before GC invocations=36 (full 0):
 garbage-first heap   total 126976K, used 94952K [0x0000000740000000, 0x0000000800000000)
  region size 2048K, 14 young (28672K), 2 survivors (4096K)
 Metaspace       used 75444K, committed 76288K, reserved 983040K
  class space    used 10665K, committed 11072K, reserved 851968K
}
Event: 75.807 GC heap after
{Heap after GC invocations=37 (full 0):
 garbage-first heap   total 155648K, used 72699K [0x0000000740000000, 0x0000000800000000)
  region size 2048K, 2 young (4096K), 2 survivors (4096K)
 Metaspace       used 75444K, committed 76288K, reserved 983040K
  class space    used 10665K, committed 11072K, reserved 851968K
}
Event: 75.988 GC heap before
{Heap before GC invocations=37 (full 0):
 garbage-first heap   total 155648K, used 74747K [0x0000000740000000, 0x0000000800000000)
  region size 2048K, 3 young (6144K), 2 survivors (4096K)
 Metaspace       used 76082K, committed 76992K, reserved 983040K
  class space    used 10751K, committed 11200K, reserved 851968K
}
Event: 75.995 GC heap after
{Heap after GC invocations=38 (full 0):
 garbage-first heap   total 155648K, used 72554K [0x0000000740000000, 0x0000000800000000)
  region size 2048K, 1 young (2048K), 1 survivors (2048K)
 Metaspace       used 76082K, committed 76992K, reserved 983040K
  class space    used 10751K, committed 11200K, reserved 851968K
}
Event: 219.287 GC heap before
{Heap before GC invocations=38 (full 0):
 garbage-first heap   total 155648K, used 117610K [0x0000000740000000, 0x0000000800000000)
  region size 2048K, 24 young (49152K), 1 survivors (2048K)
 Metaspace       used 78321K, committed 79168K, reserved 983040K
  class space    used 11030K, committed 11456K, reserved 851968K
}
Event: 219.571 GC heap after
{Heap after GC invocations=39 (full 0):
 garbage-first heap   total 155648K, used 77020K [0x0000000740000000, 0x0000000800000000)
  region size 2048K, 3 young (6144K), 3 survivors (6144K)
 Metaspace       used 78321K, committed 79168K, reserved 983040K
  class space    used 11030K, committed 11456K, reserved 851968K
}
Event: 228.394 GC heap before
{Heap before GC invocations=40 (full 0):
 garbage-first heap   total 155648K, used 122076K [0x0000000740000000, 0x0000000800000000)
  region size 2048K, 25 young (51200K), 3 survivors (6144K)
 Metaspace       used 78492K, committed 79424K, reserved 983040K
  class space    used 11034K, committed 11456K, reserved 851968K
}
Event: 228.525 GC heap after
{Heap after GC invocations=41 (full 0):
 garbage-first heap   total 155648K, used 80235K [0x0000000740000000, 0x0000000800000000)
  region size 2048K, 2 young (4096K), 2 survivors (4096K)
 Metaspace       used 78492K, committed 79424K, reserved 983040K
  class space    used 11034K, committed 11456K, reserved 851968K
}
Event: 228.802 GC heap before
{Heap before GC invocations=41 (full 0):
 garbage-first heap   total 155648K, used 82283K [0x0000000740000000, 0x0000000800000000)
  region size 2048K, 3 young (6144K), 2 survivors (4096K)
 Metaspace       used 78492K, committed 79424K, reserved 983040K
  class space    used 11034K, committed 11456K, reserved 851968K
}

